<?xml version="1.0" encoding="UTF-8"?>
<testng-results ignored="0" total="1" passed="1" failed="0" skipped="0">
  <reporter-output>
  </reporter-output>
  <suite started-at="2024-02-19T14:13:59 EAT" name="Default suite" finished-at="2024-02-19T14:14:30 EAT" duration-ms="30845">
    <groups>
    </groups>
    <test started-at="2024-02-19T14:13:59 EAT" name="Default test" finished-at="2024-02-19T14:14:30 EAT" duration-ms="30845">
      <class name="base.MyFirstTestCase">
        <test-method is-config="true" signature="setup()[pri:0, instance:base.MyFirstTestCase@3c41ed1d]" started-at="2024-02-19T14:13:59 EAT" name="setup" finished-at="2024-02-19T14:14:17 EAT" duration-ms="18553" status="PASS">
          <reporter-output>
          </reporter-output>
        </test-method> <!-- setup -->
        <test-method signature="loginTest()[pri:0, instance:base.MyFirstTestCase@3c41ed1d]" started-at="2024-02-19T14:14:18 EAT" name="loginTest" finished-at="2024-02-19T14:14:26 EAT" duration-ms="8068" status="PASS">
          <reporter-output>
          </reporter-output>
        </test-method> <!-- loginTest -->
        <test-method is-config="true" signature="tearDown()[pri:0, instance:base.MyFirstTestCase@3c41ed1d]" started-at="2024-02-19T14:14:26 EAT" name="tearDown" finished-at="2024-02-19T14:14:30 EAT" duration-ms="3165" status="PASS">
          <reporter-output>
          </reporter-output>
        </test-method> <!-- tearDown -->
      </class> <!-- base.MyFirstTestCase -->
    </test> <!-- Default test -->
  </suite> <!-- Default suite -->
</testng-results>
