<?xml version="1.0" encoding="UTF-8"?>
<testng-results ignored="0" total="1" passed="1" failed="0" skipped="0">
  <reporter-output>
  </reporter-output>
  <suite started-at="2024-02-19T15:26:08 EAT" name="BVT Test Suite" finished-at="2024-02-19T15:26:53 EAT" duration-ms="45397">
    <groups>
    </groups>
    <test started-at="2024-02-19T15:26:08 EAT" name="BVT Test" finished-at="2024-02-19T15:26:53 EAT" duration-ms="45397">
      <class name="base.MyFirstTestCase">
        <test-method is-config="true" signature="setup()[pri:0, instance:base.MyFirstTestCase@3c41ed1d]" started-at="2024-02-19T15:26:08 EAT" name="setup" finished-at="2024-02-19T15:26:42 EAT" duration-ms="33578" status="PASS">
          <reporter-output>
          </reporter-output>
        </test-method> <!-- setup -->
        <test-method signature="loginTest()[pri:0, instance:base.MyFirstTestCase@3c41ed1d]" started-at="2024-02-19T15:26:42 EAT" name="loginTest" finished-at="2024-02-19T15:26:51 EAT" duration-ms="9712" status="PASS">
          <reporter-output>
          </reporter-output>
        </test-method> <!-- loginTest -->
        <test-method is-config="true" signature="tearDown()[pri:0, instance:base.MyFirstTestCase@3c41ed1d]" started-at="2024-02-19T15:26:51 EAT" name="tearDown" finished-at="2024-02-19T15:26:53 EAT" duration-ms="2022" status="PASS">
          <reporter-output>
          </reporter-output>
        </test-method> <!-- tearDown -->
      </class> <!-- base.MyFirstTestCase -->
    </test> <!-- BVT Test -->
  </suite> <!-- BVT Test Suite -->
</testng-results>
